<?xml version="1.0" encoding="UTF-8"?>
<testng-results ignored="0" total="1" passed="1" failed="0" skipped="0">
  <reporter-output>
  </reporter-output>
  <suite started-at="2025-05-25T14:14:05 IST" name="Default suite" finished-at="2025-05-25T14:14:09 IST" duration-ms="3982">
    <groups>
    </groups>
    <test started-at="2025-05-25T14:14:05 IST" name="Default test" finished-at="2025-05-25T14:14:09 IST" duration-ms="3982">
      <class name="stepDefination.step">
        <test-method signature="userHomePage()[pri:0, instance:stepDefination.step@7e6f74c]" started-at="2025-05-25T14:14:05 IST" name="userHomePage" finished-at="2025-05-25T14:14:09 IST" duration-ms="3947" status="PASS">
          <reporter-output>
          </reporter-output>
        </test-method> <!-- userHomePage -->
      </class> <!-- stepDefination.step -->
    </test> <!-- Default test -->
  </suite> <!-- Default suite -->
</testng-results>
